==================================================
sbi.scm: "30-input-pi.sbir"
==================================================
(
(1)
(2)
(3)
(4 (let pi (* 4 (atan 1))))
(5)
(6 (print "RE: House Bill 246, Indiana State Legislature, 1897"))
(7 (print "Enter 1 if it has passed and 0 if not."))
(8)
(9 (input tennessee))
(10 (if (= tennessee 0) prt))
(11 (let pi 3))
(12 prt (print "pi = " pi))
(13)
(14)
(15)
(16 (print))
(17 (print))
(18 (print 0.333333333333333))
(19 (let avogadro 6.02e+23))
(20 (print avogadro))
)
==================================================
sbi.scm: "30-input-pi.sbir"
==================================================
(
(1)
(2)
(3)
(4 (let pi (* 4 (atan 1))))
(5)
(6 (print "RE: House Bill 246, Indiana State Legislature, 1897"))
(7 (print "Enter 1 if it has passed and 0 if not."))
(8)
(9 (input tennessee))
(10 (if (= tennessee 0) prt))
(11 (let pi 3))
(12 prt (print "pi = " pi))
(13)
(14)
(15)
(16 (print))
(17 (print))
(18 (print 0.333333333333333))
(19 (let avogadro 6.02e+23))
(20 (print avogadro))
)
