****mks**** priority.st 2>&1
An instance of SortedCollection
  firstIndex: 1
  lastIndex: 0
  lastOrdered: 0
  sorted: true
  sortBlock: a BlockClosure
  contents: [
  ]
An instance of SortedCollection
  firstIndex: 1
  lastIndex: 1
  lastOrdered: 1
  sorted: true
  sortBlock: a BlockClosure
  contents: [
    [1]: 3
  ]
An instance of SortedCollection
  firstIndex: 1
  lastIndex: 2
  lastOrdered: 2
  sorted: true
  sortBlock: a BlockClosure
  contents: [
    [1]: 1
    [2]: 3
  ]
An instance of SortedCollection
  firstIndex: 1
  lastIndex: 3
  lastOrdered: 3
  sorted: true
  sortBlock: a BlockClosure
  contents: [
    [1]: 1
    [2]: 3
    [3]: 4
  ]
An instance of SortedCollection
  firstIndex: 1
  lastIndex: 4
  lastOrdered: 4
  sorted: true
  sortBlock: a BlockClosure
  contents: [
    [1]: 1
    [2]: 3
    [3]: 4
    [4]: 14
  ]
An instance of SortedCollection
  firstIndex: 1
  lastIndex: 5
  lastOrdered: 5
  sorted: true
  sortBlock: a BlockClosure
  contents: [
    [1]: 1
    [2]: 3
    [3]: 4
    [4]: 14
    [5]: 22
  ]
An instance of SortedCollection
  firstIndex: 1
  lastIndex: 6
  lastOrdered: 6
  sorted: true
  sortBlock: a BlockClosure
  contents: [
    [1]: 1
    [2]: 3
    [3]: 4
    [4]: 6
    [5]: 14
    [6]: 22
  ]
An instance of SortedCollection
  firstIndex: 1
  lastIndex: 7
  lastOrdered: 7
  sorted: true
  sortBlock: a BlockClosure
  contents: [
    [1]: 1
    [2]: 3
    [3]: 4
    [4]: 6
    [5]: 7
    [6]: 14
    [7]: 22
  ]
An instance of SortedCollection
  firstIndex: 1
  lastIndex: 8
  lastOrdered: 8
  sorted: true
  sortBlock: a BlockClosure
  contents: [
    [1]: 1
    [2]: 3
    [3]: 4
    [4]: 6
    [5]: 7
    [6]: 9
    [7]: 14
    [8]: 22
  ]
An instance of SortedCollection
  firstIndex: 1
  lastIndex: 9
  lastOrdered: 9
  sorted: true
  sortBlock: a BlockClosure
  contents: [
    [1]: 1
    [2]: 3
    [3]: 4
    [4]: 6
    [5]: 7
    [6]: 9
    [7]: 14
    [8]: 22
    [9]: 29
  ]
An instance of SortedCollection
  firstIndex: 1
  lastIndex: 10
  lastOrdered: 10
  sorted: true
  sortBlock: a BlockClosure
  contents: [
    [1]: 1
    [2]: 3
    [3]: 4
    [4]: 4
    [5]: 6
    [6]: 7
    [7]: 9
    [8]: 14
    [9]: 22
    [10]: 29
  ]
****status: 0x0000

